<?xml version="1.0" encoding="UTF-8"?>
<!-- Generated by org.testng.reporters.JUnitXMLReporter -->
<testsuite ignored="5" hostname="BLRSFLT195" failures="0" tests="2" name="Default test" time="68.989" errors="0" timestamp="04 Dec 2022 17:12:34 GMT">
  <testcase classname="org.kare.ProductPurchase" name="login1" time="3.555"/>
  <testcase classname="org.kare.ProductPurchase" name="productSeleccting" time="24.28"/>
  <testcase classname="org.kare.ProductPurchase" name="payment" time="0.0">
    <ignored/>
  </testcase> <!-- payment -->
  <testcase classname="org.kare.ProductPurchase" name="ccAvenue" time="0.0">
    <ignored/>
  </testcase> <!-- ccAvenue -->
  <testcase classname="org.kare.ProductPurchase" name="checkoutWorks" time="0.0">
    <ignored/>
  </testcase> <!-- checkoutWorks -->
  <testcase classname="org.kare.ProductPurchase" name="cartpageWorks" time="0.0">
    <ignored/>
  </testcase> <!-- cartpageWorks -->
  <testcase classname="org.kare.ProductPurchase" name="credentials" time="0.0">
    <ignored/>
  </testcase> <!-- credentials -->
</testsuite> <!-- Default test -->
