<?xml version="1.0" encoding="UTF-8"?>
<!-- Generated by org.testng.reporters.JUnitXMLReporter -->
<testsuite ignored="0" hostname="BLRSFLT195" failures="1" tests="2" name="Test" time="15.589" errors="0" timestamp="10 Nov 2022 12:51:54 GMT">
  <testcase classname="org.kare.ProductPurchase" name="login1" time="4.039"/>
  <testcase classname="org.kare.ProductPurchase" name="login1" time="4.053">
    <failure type="java.lang.NullPointerException" message="Cannot invoke &amp;quot;com.aventstack.extentreports.ExtentTest.log(com.aventstack.extentreports.Status, String)&amp;quot; because &amp;quot;this.test&amp;quot; is null">
      <![CDATA[java.lang.NullPointerException: Cannot invoke "com.aventstack.extentreports.ExtentTest.log(com.aventstack.extentreports.Status, String)" because "this.test" is null
at org.kare.ProductPurchaseListener.onTestSuccess(ProductPurchaseListener.java:31)
... Removed 22 stack frames]]>
    </failure>
  </testcase> <!-- login1 -->
</testsuite> <!-- Test -->
