<?xml version="1.0" encoding="UTF-8"?>
<testng-results ignored="5" total="7" passed="2" failed="0" skipped="0">
  <reporter-output>
  </reporter-output>
  <suite started-at="2022-12-04T17:11:25Z" name="Default suite" finished-at="2022-12-04T17:12:34Z" duration-ms="68989">
    <groups>
    </groups>
    <test started-at="2022-12-04T17:11:25Z" name="Default test" finished-at="2022-12-04T17:12:34Z" duration-ms="68989">
      <class name="org.kare.ProductPurchase">
        <test-method is-config="true" signature="start()[pri:0, instance:org.kare.ProductPurchase@be68757]" started-at="2022-12-04T17:11:25Z" name="start" finished-at="2022-12-04T17:12:07Z" duration-ms="41102" status="PASS">
          <reporter-output>
          </reporter-output>
        </test-method> <!-- start -->
        <test-method signature="login1()[pri:1, instance:org.kare.ProductPurchase@be68757]" started-at="2022-12-04T17:12:07Z" name="login1" finished-at="2022-12-04T17:12:10Z" duration-ms="3555" status="PASS">
          <reporter-output>
          </reporter-output>
        </test-method> <!-- login1 -->
        <test-method signature="productSeleccting()[pri:3, instance:org.kare.ProductPurchase@be68757]" started-at="2022-12-04T17:12:10Z" name="productSeleccting" finished-at="2022-12-04T17:12:34Z" duration-ms="24280" status="PASS">
          <reporter-output>
          </reporter-output>
        </test-method> <!-- productSeleccting -->
      </class> <!-- org.kare.ProductPurchase -->
    </test> <!-- Default test -->
  </suite> <!-- Default suite -->
</testng-results>
